<?xml version="1.0" encoding="UTF-8"?>
<testng-results ignored="0" total="1" passed="1" failed="0" skipped="0">
  <reporter-output>
  </reporter-output>
  <suite started-at="2021-01-26T11:56:07 IST" name="Suite" finished-at="2021-01-26T11:56:07 IST" duration-ms="51">
    <groups>
    </groups>
    <test started-at="2021-01-26T11:56:07 IST" name="Test" finished-at="2021-01-26T11:56:07 IST" duration-ms="51">
      <class name="simpleProcess.Hello">
        <test-method signature="l()[pri:0, instance:simpleProcess.Hello@7c83dc97]" started-at="2021-01-26T11:56:07 IST" name="l" finished-at="2021-01-26T11:56:07 IST" duration-ms="9" status="PASS">
          <reporter-output>
          </reporter-output>
        </test-method> <!-- l -->
      </class> <!-- simpleProcess.Hello -->
    </test> <!-- Test -->
  </suite> <!-- Suite -->
</testng-results>
